<?xml version="1.0" encoding="utf-8"?>
<coverage line-rate="0.9431999999999999" branch-rate="0.85" version="1.9" timestamp="1765204332" lines-covered="449" lines-valid="476" branches-covered="102" branches-valid="120">
  <sources>
    <source>C:\Users\gmoreno\source\repos\cardealer\backend\Gateway\</source>
  </sources>
  <packages>
    <package name="Gateway.Api" line-rate="0.9229999999999999" branch-rate="0.826" complexity="51">
      <classes>
        <class name="Program/&lt;&lt;Main&gt;$&gt;d__0" filename="Gateway.Api\Program.cs" line-rate="0.8251999999999999" branch-rate="0.5" complexity="16">
          <methods>
            <method name="MoveNext" signature="()" line-rate="0.8251999999999999" branch-rate="0.5" complexity="16">
              <lines>
                <line number="22" hits="2" branch="False" />
                <line number="23" hits="2" branch="False" />
                <line number="24" hits="2" branch="False" />
                <line number="25" hits="2" branch="False" />
                <line number="26" hits="2" branch="False" />
                <line number="28" hits="2" branch="False" />
                <line number="30" hits="2" branch="False" />
                <line number="33" hits="2" branch="False" />
                <line number="34" hits="2" branch="True" condition-coverage="50% (1/2)">
                  <conditions>
                    <condition number="185" type="jump" coverage="50%" />
                  </conditions>
                </line>
                <line number="38" hits="2" branch="False" />
                <line number="41" hits="2" branch="False" />
                <line number="42" hits="2" branch="False" />
                <line number="45" hits="2" branch="False" />
                <line number="46" hits="2" branch="False" />
                <line number="47" hits="2" branch="False" />
                <line number="50" hits="2" branch="False" />
                <line number="51" hits="2" branch="False" />
                <line number="52" hits="2" branch="False" />
                <line number="53" hits="2" branch="False" />
                <line number="54" hits="2" branch="False" />
                <line number="55" hits="2" branch="False" />
                <line number="58" hits="2" branch="False" />
                <line number="59" hits="2" branch="False" />
                <line number="61" hits="2" branch="False" />
                <line number="62" hits="4" branch="False" />
                <line number="63" hits="2" branch="False" />
                <line number="64" hits="2" branch="False" />
                <line number="65" hits="2" branch="False" />
                <line number="66" hits="2" branch="False" />
                <line number="67" hits="2" branch="False" />
                <line number="68" hits="2" branch="False" />
                <line number="69" hits="2" branch="False" />
                <line number="70" hits="2" branch="True" condition-coverage="50% (1/2)">
                  <conditions>
                    <condition number="51" type="jump" coverage="50%" />
                  </conditions>
                </line>
                <line number="71" hits="0" branch="False" />
                <line number="72" hits="0" branch="False" />
                <line number="73" hits="0" branch="False" />
                <line number="74" hits="2" branch="False" />
                <line number="75" hits="2" branch="False" />
                <line number="76" hits="2" branch="False" />
                <line number="77" hits="2" branch="False" />
                <line number="78" hits="2" branch="False" />
                <line number="79" hits="2" branch="False" />
                <line number="80" hits="2" branch="False" />
                <line number="81" hits="2" branch="False" />
                <line number="82" hits="2" branch="False" />
                <line number="83" hits="2" branch="False" />
                <line number="84" hits="2" branch="False" />
                <line number="85" hits="2" branch="False" />
                <line number="86" hits="2" branch="False" />
                <line number="87" hits="2" branch="False" />
                <line number="88" hits="2" branch="True" condition-coverage="50% (1/2)">
                  <conditions>
                    <condition number="56" type="jump" coverage="50%" />
                  </conditions>
                </line>
                <line number="89" hits="0" branch="False" />
                <line number="90" hits="0" branch="False" />
                <line number="91" hits="0" branch="False" />
                <line number="92" hits="2" branch="False" />
                <line number="93" hits="2" branch="False" />
                <line number="94" hits="2" branch="False" />
                <line number="95" hits="2" branch="False" />
                <line number="96" hits="4" branch="False" />
                <line number="99" hits="2" branch="False" />
                <line number="100" hits="2" branch="False" />
                <line number="101" hits="2" branch="True" condition-coverage="100% (2/2)">
                  <conditions>
                    <condition number="14" type="jump" coverage="100%" />
                  </conditions>
                </line>
                <line number="102" hits="2" branch="False" />
                <line number="103" hits="2" branch="True" condition-coverage="50% (1/2)">
                  <conditions>
                    <condition number="9" type="jump" coverage="50%" />
                  </conditions>
                </line>
                <line number="104" hits="0" branch="False" />
                <line number="105" hits="0" branch="False" />
                <line number="106" hits="0" branch="False" />
                <line number="107" hits="0" branch="False" />
                <line number="108" hits="0" branch="False" />
                <line number="109" hits="0" branch="False" />
                <line number="110" hits="2" branch="False" />
                <line number="111" hits="2" branch="False" />
                <line number="112" hits="2" branch="False" />
                <line number="113" hits="2" branch="False" />
                <line number="114" hits="2" branch="False" />
                <line number="115" hits="2" branch="False" />
                <line number="116" hits="2" branch="False" />
                <line number="117" hits="4" branch="False" />
                <line number="118" hits="4" branch="False" />
                <line number="121" hits="2" branch="False" />
                <line number="122" hits="2" branch="False" />
                <line number="123" hits="2" branch="False" />
                <line number="126" hits="2" branch="False" />
                <line number="129" hits="2" branch="True" condition-coverage="50% (1/2)">
                  <conditions>
                    <condition number="751" type="jump" coverage="50%" />
                  </conditions>
                </line>
                <line number="130" hits="2" branch="True" condition-coverage="0% (0/2)">
                  <conditions>
                    <condition number="7" type="jump" coverage="0%" />
                  </conditions>
                </line>
                <line number="131" hits="0" branch="False" />
                <line number="132" hits="0" branch="False" />
                <line number="133" hits="2" branch="False" />
                <line number="136" hits="2" branch="False" />
                <line number="137" hits="2" branch="False" />
                <line number="138" hits="2" branch="False" />
                <line number="140" hits="2" branch="False" />
                <line number="144" hits="2" branch="False" />
                <line number="147" hits="2" branch="False" />
                <line number="150" hits="2" branch="False" />
                <line number="153" hits="2" branch="True" condition-coverage="50% (1/2)">
                  <conditions>
                    <condition number="958" type="jump" coverage="50%" />
                  </conditions>
                </line>
                <line number="154" hits="0" branch="False" />
                <line number="155" hits="0" branch="False" />
                <line number="156" hits="0" branch="False" />
                <line number="157" hits="0" branch="False" />
                <line number="160" hits="2" branch="False" />
                <line number="163" hits="2" branch="False" />
                <line number="165" hits="2" branch="False" />
              </lines>
            </method>
          </methods>
          <lines>
            <line number="22" hits="2" branch="False" />
            <line number="23" hits="2" branch="False" />
            <line number="24" hits="2" branch="False" />
            <line number="25" hits="2" branch="False" />
            <line number="26" hits="2" branch="False" />
            <line number="28" hits="2" branch="False" />
            <line number="30" hits="2" branch="False" />
            <line number="33" hits="2" branch="False" />
            <line number="34" hits="2" branch="True" condition-coverage="50% (1/2)">
              <conditions>
                <condition number="185" type="jump" coverage="50%" />
              </conditions>
            </line>
            <line number="38" hits="2" branch="False" />
            <line number="41" hits="2" branch="False" />
            <line number="42" hits="2" branch="False" />
            <line number="45" hits="2" branch="False" />
            <line number="46" hits="2" branch="False" />
            <line number="47" hits="2" branch="False" />
            <line number="50" hits="2" branch="False" />
            <line number="51" hits="2" branch="False" />
            <line number="52" hits="2" branch="False" />
            <line number="53" hits="2" branch="False" />
            <line number="54" hits="2" branch="False" />
            <line number="55" hits="2" branch="False" />
            <line number="58" hits="2" branch="False" />
            <line number="59" hits="2" branch="False" />
            <line number="61" hits="2" branch="False" />
            <line number="62" hits="4" branch="False" />
            <line number="63" hits="2" branch="False" />
            <line number="64" hits="2" branch="False" />
            <line number="65" hits="2" branch="False" />
            <line number="66" hits="2" branch="False" />
            <line number="67" hits="2" branch="False" />
            <line number="68" hits="2" branch="False" />
            <line number="69" hits="2" branch="False" />
            <line number="70" hits="2" branch="True" condition-coverage="50% (1/2)">
              <conditions>
                <condition number="51" type="jump" coverage="50%" />
              </conditions>
            </line>
            <line number="71" hits="0" branch="False" />
            <line number="72" hits="0" branch="False" />
            <line number="73" hits="0" branch="False" />
            <line number="74" hits="2" branch="False" />
            <line number="75" hits="2" branch="False" />
            <line number="76" hits="2" branch="False" />
            <line number="77" hits="2" branch="False" />
            <line number="78" hits="2" branch="False" />
            <line number="79" hits="2" branch="False" />
            <line number="80" hits="2" branch="False" />
            <line number="81" hits="2" branch="False" />
            <line number="82" hits="2" branch="False" />
            <line number="83" hits="2" branch="False" />
            <line number="84" hits="2" branch="False" />
            <line number="85" hits="2" branch="False" />
            <line number="86" hits="2" branch="False" />
            <line number="87" hits="2" branch="False" />
            <line number="88" hits="2" branch="True" condition-coverage="50% (1/2)">
              <conditions>
                <condition number="56" type="jump" coverage="50%" />
              </conditions>
            </line>
            <line number="89" hits="0" branch="False" />
            <line number="90" hits="0" branch="False" />
            <line number="91" hits="0" branch="False" />
            <line number="92" hits="2" branch="False" />
            <line number="93" hits="2" branch="False" />
            <line number="94" hits="2" branch="False" />
            <line number="95" hits="2" branch="False" />
            <line number="96" hits="4" branch="False" />
            <line number="99" hits="2" branch="False" />
            <line number="100" hits="2" branch="False" />
            <line number="101" hits="2" branch="True" condition-coverage="100% (2/2)">
              <conditions>
                <condition number="14" type="jump" coverage="100%" />
              </conditions>
            </line>
            <line number="102" hits="2" branch="False" />
            <line number="103" hits="2" branch="True" condition-coverage="50% (1/2)">
              <conditions>
                <condition number="9" type="jump" coverage="50%" />
              </conditions>
            </line>
            <line number="104" hits="0" branch="False" />
            <line number="105" hits="0" branch="False" />
            <line number="106" hits="0" branch="False" />
            <line number="107" hits="0" branch="False" />
            <line number="108" hits="0" branch="False" />
            <line number="109" hits="0" branch="False" />
            <line number="110" hits="2" branch="False" />
            <line number="111" hits="2" branch="False" />
            <line number="112" hits="2" branch="False" />
            <line number="113" hits="2" branch="False" />
            <line number="114" hits="2" branch="False" />
            <line number="115" hits="2" branch="False" />
            <line number="116" hits="2" branch="False" />
            <line number="117" hits="4" branch="False" />
            <line number="118" hits="4" branch="False" />
            <line number="121" hits="2" branch="False" />
            <line number="122" hits="2" branch="False" />
            <line number="123" hits="2" branch="False" />
            <line number="126" hits="2" branch="False" />
            <line number="129" hits="2" branch="True" condition-coverage="50% (1/2)">
              <conditions>
                <condition number="751" type="jump" coverage="50%" />
              </conditions>
            </line>
            <line number="130" hits="2" branch="True" condition-coverage="0% (0/2)">
              <conditions>
                <condition number="7" type="jump" coverage="0%" />
              </conditions>
            </line>
            <line number="131" hits="0" branch="False" />
            <line number="132" hits="0" branch="False" />
            <line number="133" hits="2" branch="False" />
            <line number="136" hits="2" branch="False" />
            <line number="137" hits="2" branch="False" />
            <line number="138" hits="2" branch="False" />
            <line number="140" hits="2" branch="False" />
            <line number="144" hits="2" branch="False" />
            <line number="147" hits="2" branch="False" />
            <line number="150" hits="2" branch="False" />
            <line number="153" hits="2" branch="True" condition-coverage="50% (1/2)">
              <conditions>
                <condition number="958" type="jump" coverage="50%" />
              </conditions>
            </line>
            <line number="154" hits="0" branch="False" />
            <line number="155" hits="0" branch="False" />
            <line number="156" hits="0" branch="False" />
            <line number="157" hits="0" branch="False" />
            <line number="160" hits="2" branch="False" />
            <line number="163" hits="2" branch="False" />
            <line number="165" hits="2" branch="False" />
          </lines>
        </class>
        <class name="Gateway.Api.Middleware.HealthCheckMiddleware" filename="Gateway.Api\Middleware\HealthCheckMiddleware.cs" line-rate="1" branch-rate="1" complexity="1">
          <methods>
            <method name=".ctor" signature="(Microsoft.AspNetCore.Http.RequestDelegate)" line-rate="1" branch-rate="1" complexity="1">
              <lines>
                <line number="10" hits="12" branch="False" />
                <line number="11" hits="12" branch="False" />
                <line number="12" hits="12" branch="False" />
                <line number="13" hits="12" branch="False" />
              </lines>
            </method>
          </methods>
          <lines>
            <line number="10" hits="12" branch="False" />
            <line number="11" hits="12" branch="False" />
            <line number="12" hits="12" branch="False" />
            <line number="13" hits="12" branch="False" />
          </lines>
        </class>
        <class name="Gateway.Api.Middleware.HealthCheckMiddleware/&lt;InvokeAsync&gt;d__2" filename="Gateway.Api\Middleware\HealthCheckMiddleware.cs" line-rate="1" branch-rate="1" complexity="10">
          <methods>
            <method name="MoveNext" signature="()" line-rate="1" branch-rate="1" complexity="10">
              <lines>
                <line number="16" hits="12" branch="False" />
                <line number="18" hits="12" branch="True" condition-coverage="100% (2/2)">
                  <conditions>
                    <condition number="66" type="jump" coverage="100%" />
                  </conditions>
                </line>
                <line number="19" hits="11" branch="False" />
                <line number="21" hits="11" branch="True" condition-coverage="100% (2/2)">
                  <conditions>
                    <condition number="100" type="jump" coverage="100%" />
                  </conditions>
                </line>
                <line number="22" hits="5" branch="False" />
                <line number="23" hits="5" branch="False" />
                <line number="26" hits="5" branch="True" condition-coverage="100% (4/4)">
                  <conditions>
                    <condition number="169" type="jump" coverage="100%" />
                    <condition number="194" type="jump" coverage="100%" />
                  </conditions>
                </line>
                <line number="27" hits="4" branch="False" />
                <line number="28" hits="4" branch="False" />
                <line number="29" hits="4" branch="False" />
                <line number="30" hits="4" branch="False" />
                <line number="31" hits="4" branch="False" />
                <line number="32" hits="4" branch="False" />
                <line number="35" hits="5" branch="True" condition-coverage="100% (2/2)">
                  <conditions>
                    <condition number="380" type="jump" coverage="100%" />
                  </conditions>
                </line>
                <line number="36" hits="1" branch="False" />
                <line number="37" hits="1" branch="False" />
                <line number="38" hits="1" branch="False" />
                <line number="40" hits="4" branch="False" />
                <line number="42" hits="10" branch="False" />
                <line number="43" hits="10" branch="False" />
                <line number="44" hits="10" branch="False" />
                <line number="45" hits="10" branch="False" />
                <line number="49" hits="1" branch="False" />
                <line number="50" hits="12" branch="False" />
              </lines>
            </method>
          </methods>
          <lines>
            <line number="16" hits="12" branch="False" />
            <line number="18" hits="12" branch="True" condition-coverage="100% (2/2)">
              <conditions>
                <condition number="66" type="jump" coverage="100%" />
              </conditions>
            </line>
            <line number="19" hits="11" branch="False" />
            <line number="21" hits="11" branch="True" condition-coverage="100% (2/2)">
              <conditions>
                <condition number="100" type="jump" coverage="100%" />
              </conditions>
            </line>
            <line number="22" hits="5" branch="False" />
            <line number="23" hits="5" branch="False" />
            <line number="26" hits="5" branch="True" condition-coverage="100% (4/4)">
              <conditions>
                <condition number="169" type="jump" coverage="100%" />
                <condition number="194" type="jump" coverage="100%" />
              </conditions>
            </line>
            <line number="27" hits="4" branch="False" />
            <line number="28" hits="4" branch="False" />
            <line number="29" hits="4" branch="False" />
            <line number="30" hits="4" branch="False" />
            <line number="31" hits="4" branch="False" />
            <line number="32" hits="4" branch="False" />
            <line number="35" hits="5" branch="True" condition-coverage="100% (2/2)">
              <conditions>
                <condition number="380" type="jump" coverage="100%" />
              </conditions>
            </line>
            <line number="36" hits="1" branch="False" />
            <line number="37" hits="1" branch="False" />
            <line number="38" hits="1" branch="False" />
            <line number="40" hits="4" branch="False" />
            <line number="42" hits="10" branch="False" />
            <line number="43" hits="10" branch="False" />
            <line number="44" hits="10" branch="False" />
            <line number="45" hits="10" branch="False" />
            <line number="49" hits="1" branch="False" />
            <line number="50" hits="12" branch="False" />
          </lines>
        </class>
        <class name="Gateway.Api.Middleware.HealthCheckMiddlewareExtensions" filename="Gateway.Api\Middleware\HealthCheckMiddleware.cs" line-rate="1" branch-rate="1" complexity="1">
          <methods>
            <method name="UseHealthCheckMiddleware" signature="(Microsoft.AspNetCore.Builder.IApplicationBuilder)" line-rate="1" branch-rate="1" complexity="1">
              <lines>
                <line number="59" hits="2" branch="False" />
                <line number="60" hits="2" branch="False" />
                <line number="61" hits="2" branch="False" />
              </lines>
            </method>
          </methods>
          <lines>
            <line number="59" hits="2" branch="False" />
            <line number="60" hits="2" branch="False" />
            <line number="61" hits="2" branch="False" />
          </lines>
        </class>
        <class name="Gateway.Api.Middleware.ServiceRegistrationMiddleware" filename="Gateway.Api\Middleware\ServiceRegistrationMiddleware.cs" line-rate="1" branch-rate="1" complexity="2">
          <methods>
            <method name=".ctor" signature="(Microsoft.AspNetCore.Http.RequestDelegate)" line-rate="1" branch-rate="1" complexity="1">
              <lines>
                <line number="12" hits="17" branch="False" />
                <line number="13" hits="17" branch="False" />
                <line number="14" hits="17" branch="False" />
                <line number="15" hits="17" branch="False" />
              </lines>
            </method>
            <method name=".cctor" signature="()" line-rate="1" branch-rate="1" complexity="1">
              <lines>
                <line number="9" hits="1" branch="False" />
                <line number="10" hits="1" branch="False" />
              </lines>
            </method>
          </methods>
          <lines>
            <line number="12" hits="17" branch="False" />
            <line number="13" hits="17" branch="False" />
            <line number="14" hits="17" branch="False" />
            <line number="15" hits="17" branch="False" />
            <line number="9" hits="1" branch="False" />
            <line number="10" hits="1" branch="False" />
          </lines>
        </class>
        <class name="Gateway.Api.Middleware.ServiceRegistrationMiddleware/&lt;InvokeAsync&gt;d__4" filename="Gateway.Api\Middleware\ServiceRegistrationMiddleware.cs" line-rate="1" branch-rate="1" complexity="16">
          <methods>
            <method name="MoveNext" signature="()" line-rate="1" branch-rate="1" complexity="16">
              <lines>
                <line number="18" hits="14" branch="False" />
                <line number="19" hits="14" branch="True" condition-coverage="100% (2/2)">
                  <conditions>
                    <condition number="28" type="jump" coverage="100%" />
                  </conditions>
                </line>
                <line number="20" hits="12" branch="False" />
                <line number="21" hits="12" branch="False" />
                <line number="22" hits="12" branch="False" />
                <line number="23" hits="12" branch="True" condition-coverage="100% (2/2)">
                  <conditions>
                    <condition number="81" type="jump" coverage="100%" />
                  </conditions>
                </line>
                <line number="24" hits="12" branch="False" />
                <line number="25" hits="12" branch="True" condition-coverage="100% (2/2)">
                  <conditions>
                    <condition number="105" type="jump" coverage="100%" />
                  </conditions>
                </line>
                <line number="26" hits="12" branch="True" condition-coverage="100% (2/2)">
                  <conditions>
                    <condition number="136" type="jump" coverage="100%" />
                  </conditions>
                </line>
                <line number="27" hits="12" branch="True" condition-coverage="100% (2/2)">
                  <conditions>
                    <condition number="167" type="jump" coverage="100%" />
                  </conditions>
                </line>
                <line number="28" hits="12" branch="True" condition-coverage="100% (2/2)">
                  <conditions>
                    <condition number="198" type="jump" coverage="100%" />
                  </conditions>
                </line>
                <line number="30" hits="12" branch="True" condition-coverage="100% (2/2)">
                  <conditions>
                    <condition number="313" type="jump" coverage="100%" />
                  </conditions>
                </line>
                <line number="31" hits="1" branch="False" />
                <line number="32" hits="1" branch="False" />
                <line number="33" hits="1" branch="False" />
                <line number="35" hits="12" branch="False" />
                <line number="36" hits="12" branch="False" />
                <line number="37" hits="12" branch="True" condition-coverage="100% (2/2)">
                  <conditions>
                    <condition number="445" type="jump" coverage="100%" />
                  </conditions>
                </line>
                <line number="39" hits="12" branch="False" />
                <line number="40" hits="12" branch="False" />
                <line number="41" hits="12" branch="False" />
                <line number="42" hits="12" branch="False" />
                <line number="43" hits="12" branch="False" />
                <line number="44" hits="12" branch="False" />
                <line number="45" hits="12" branch="False" />
                <line number="46" hits="12" branch="False" />
                <line number="47" hits="12" branch="False" />
                <line number="48" hits="12" branch="False" />
                <line number="49" hits="12" branch="False" />
                <line number="50" hits="12" branch="False" />
                <line number="51" hits="12" branch="False" />
                <line number="52" hits="12" branch="False" />
                <line number="53" hits="12" branch="False" />
                <line number="54" hits="12" branch="False" />
                <line number="55" hits="12" branch="False" />
                <line number="58" hits="12" branch="False" />
                <line number="59" hits="12" branch="False" />
                <line number="60" hits="11" branch="False" />
                <line number="61" hits="11" branch="False" />
                <line number="62" hits="11" branch="False" />
                <line number="63" hits="1" branch="False" />
                <line number="64" hits="1" branch="False" />
                <line number="65" hits="1" branch="False" />
                <line number="66" hits="1" branch="False" />
                <line number="67" hits="12" branch="False" />
                <line number="68" hits="12" branch="False" />
                <line number="69" hits="12" branch="False" />
                <line number="71" hits="14" branch="False" />
                <line number="72" hits="14" branch="False" />
              </lines>
            </method>
          </methods>
          <lines>
            <line number="18" hits="14" branch="False" />
            <line number="19" hits="14" branch="True" condition-coverage="100% (2/2)">
              <conditions>
                <condition number="28" type="jump" coverage="100%" />
              </conditions>
            </line>
            <line number="20" hits="12" branch="False" />
            <line number="21" hits="12" branch="False" />
            <line number="22" hits="12" branch="False" />
            <line number="23" hits="12" branch="True" condition-coverage="100% (2/2)">
              <conditions>
                <condition number="81" type="jump" coverage="100%" />
              </conditions>
            </line>
            <line number="24" hits="12" branch="False" />
            <line number="25" hits="12" branch="True" condition-coverage="100% (2/2)">
              <conditions>
                <condition number="105" type="jump" coverage="100%" />
              </conditions>
            </line>
            <line number="26" hits="12" branch="True" condition-coverage="100% (2/2)">
              <conditions>
                <condition number="136" type="jump" coverage="100%" />
              </conditions>
            </line>
            <line number="27" hits="12" branch="True" condition-coverage="100% (2/2)">
              <conditions>
                <condition number="167" type="jump" coverage="100%" />
              </conditions>
            </line>
            <line number="28" hits="12" branch="True" condition-coverage="100% (2/2)">
              <conditions>
                <condition number="198" type="jump" coverage="100%" />
              </conditions>
            </line>
            <line number="30" hits="12" branch="True" condition-coverage="100% (2/2)">
              <conditions>
                <condition number="313" type="jump" coverage="100%" />
              </conditions>
            </line>
            <line number="31" hits="1" branch="False" />
            <line number="32" hits="1" branch="False" />
            <line number="33" hits="1" branch="False" />
            <line number="35" hits="12" branch="False" />
            <line number="36" hits="12" branch="False" />
            <line number="37" hits="12" branch="True" condition-coverage="100% (2/2)">
              <conditions>
                <condition number="445" type="jump" coverage="100%" />
              </conditions>
            </line>
            <line number="39" hits="12" branch="False" />
            <line number="40" hits="12" branch="False" />
            <line number="41" hits="12" branch="False" />
            <line number="42" hits="12" branch="False" />
            <line number="43" hits="12" branch="False" />
            <line number="44" hits="12" branch="False" />
            <line number="45" hits="12" branch="False" />
            <line number="46" hits="12" branch="False" />
            <line number="47" hits="12" branch="False" />
            <line number="48" hits="12" branch="False" />
            <line number="49" hits="12" branch="False" />
            <line number="50" hits="12" branch="False" />
            <line number="51" hits="12" branch="False" />
            <line number="52" hits="12" branch="False" />
            <line number="53" hits="12" branch="False" />
            <line number="54" hits="12" branch="False" />
            <line number="55" hits="12" branch="False" />
            <line number="58" hits="12" branch="False" />
            <line number="59" hits="12" branch="False" />
            <line number="60" hits="11" branch="False" />
            <line number="61" hits="11" branch="False" />
            <line number="62" hits="11" branch="False" />
            <line number="63" hits="1" branch="False" />
            <line number="64" hits="1" branch="False" />
            <line number="65" hits="1" branch="False" />
            <line number="66" hits="1" branch="False" />
            <line number="67" hits="12" branch="False" />
            <line number="68" hits="12" branch="False" />
            <line number="69" hits="12" branch="False" />
            <line number="71" hits="14" branch="False" />
            <line number="72" hits="14" branch="False" />
          </lines>
        </class>
        <class name="Gateway.Metrics.GatewayMetrics" filename="Gateway.Api\Metrics\GatewayMetrics.cs" line-rate="1" branch-rate="1" complexity="5">
          <methods>
            <method name="RecordRequest" signature="(System.String,System.String,System.Int32,System.Double)" line-rate="1" branch-rate="1" complexity="2">
              <lines>
                <line number="48" hits="18" branch="False" />
                <line number="49" hits="18" branch="False" />
                <line number="50" hits="18" branch="False" />
                <line number="51" hits="18" branch="False" />
                <line number="52" hits="18" branch="False" />
                <line number="54" hits="18" branch="False" />
                <line number="55" hits="18" branch="False" />
                <line number="56" hits="18" branch="False" />
                <line number="58" hits="18" branch="True" condition-coverage="100% (2/2)">
                  <conditions>
                    <condition number="102" type="jump" coverage="100%" />
                  </conditions>
                </line>
                <line number="59" hits="8" branch="False" />
                <line number="60" hits="8" branch="False" />
                <line number="61" hits="8" branch="False" />
                <line number="62" hits="8" branch="False" />
                <line number="63" hits="8" branch="False" />
                <line number="64" hits="18" branch="False" />
              </lines>
            </method>
            <method name="RecordDownstreamCall" signature="(System.String,System.Double,System.Boolean)" line-rate="1" branch-rate="1" complexity="2">
              <lines>
                <line number="67" hits="6" branch="False" />
                <line number="68" hits="6" branch="False" />
                <line number="69" hits="6" branch="False" />
                <line number="71" hits="6" branch="True" condition-coverage="100% (2/2)">
                  <conditions>
                    <condition number="31" type="jump" coverage="100%" />
                  </conditions>
                </line>
                <line number="72" hits="2" branch="False" />
                <line number="73" hits="2" branch="False" />
                <line number="74" hits="2" branch="False" />
                <line number="75" hits="2" branch="False" />
                <line number="76" hits="6" branch="False" />
              </lines>
            </method>
            <method name=".ctor" signature="(System.Diagnostics.Metrics.IMeterFactory)" line-rate="1" branch-rate="1" complexity="1">
              <lines>
                <line number="18" hits="19" branch="False" />
                <line number="19" hits="19" branch="False" />
                <line number="20" hits="19" branch="False" />
                <line number="23" hits="19" branch="False" />
                <line number="24" hits="19" branch="False" />
                <line number="25" hits="19" branch="False" />
                <line number="27" hits="19" branch="False" />
                <line number="28" hits="19" branch="False" />
                <line number="29" hits="19" branch="False" />
                <line number="30" hits="19" branch="False" />
                <line number="32" hits="19" branch="False" />
                <line number="33" hits="19" branch="False" />
                <line number="34" hits="19" branch="False" />
                <line number="37" hits="19" branch="False" />
                <line number="38" hits="19" branch="False" />
                <line number="39" hits="19" branch="False" />
                <line number="40" hits="19" branch="False" />
                <line number="42" hits="19" branch="False" />
                <line number="43" hits="19" branch="False" />
                <line number="44" hits="19" branch="False" />
                <line number="45" hits="19" branch="False" />
              </lines>
            </method>
          </methods>
          <lines>
            <line number="48" hits="18" branch="False" />
            <line number="49" hits="18" branch="False" />
            <line number="50" hits="18" branch="False" />
            <line number="51" hits="18" branch="False" />
            <line number="52" hits="18" branch="False" />
            <line number="54" hits="18" branch="False" />
            <line number="55" hits="18" branch="False" />
            <line number="56" hits="18" branch="False" />
            <line number="58" hits="18" branch="True" condition-coverage="100% (2/2)">
              <conditions>
                <condition number="102" type="jump" coverage="100%" />
              </conditions>
            </line>
            <line number="59" hits="8" branch="False" />
            <line number="60" hits="8" branch="False" />
            <line number="61" hits="8" branch="False" />
            <line number="62" hits="8" branch="False" />
            <line number="63" hits="8" branch="False" />
            <line number="64" hits="18" branch="False" />
            <line number="67" hits="6" branch="False" />
            <line number="68" hits="6" branch="False" />
            <line number="69" hits="6" branch="False" />
            <line number="71" hits="6" branch="True" condition-coverage="100% (2/2)">
              <conditions>
                <condition number="31" type="jump" coverage="100%" />
              </conditions>
            </line>
            <line number="72" hits="2" branch="False" />
            <line number="73" hits="2" branch="False" />
            <line number="74" hits="2" branch="False" />
            <line number="75" hits="2" branch="False" />
            <line number="76" hits="6" branch="False" />
            <line number="18" hits="19" branch="False" />
            <line number="19" hits="19" branch="False" />
            <line number="20" hits="19" branch="False" />
            <line number="23" hits="19" branch="False" />
            <line number="24" hits="19" branch="False" />
            <line number="25" hits="19" branch="False" />
            <line number="27" hits="19" branch="False" />
            <line number="28" hits="19" branch="False" />
            <line number="29" hits="19" branch="False" />
            <line number="30" hits="19" branch="False" />
            <line number="32" hits="19" branch="False" />
            <line number="33" hits="19" branch="False" />
            <line number="34" hits="19" branch="False" />
            <line number="37" hits="19" branch="False" />
            <line number="38" hits="19" branch="False" />
            <line number="39" hits="19" branch="False" />
            <line number="40" hits="19" branch="False" />
            <line number="42" hits="19" branch="False" />
            <line number="43" hits="19" branch="False" />
            <line number="44" hits="19" branch="False" />
            <line number="45" hits="19" branch="False" />
          </lines>
        </class>
      </classes>
    </package>
    <package name="Gateway.Application" line-rate="1" branch-rate="1" complexity="12">
      <classes>
        <class name="Gateway.Application.UseCases.GetServicesHealthUseCase" filename="Gateway.Application\UseCases\HealthCheckUseCases.cs" line-rate="1" branch-rate="1" complexity="1">
          <methods>
            <method name=".ctor" signature="(Gateway.Domain.Interfaces.IHealthCheckService)" line-rate="1" branch-rate="1" complexity="1">
              <lines>
                <line number="12" hits="2" branch="False" />
                <line number="13" hits="2" branch="False" />
                <line number="14" hits="2" branch="False" />
                <line number="15" hits="2" branch="False" />
              </lines>
            </method>
          </methods>
          <lines>
            <line number="12" hits="2" branch="False" />
            <line number="13" hits="2" branch="False" />
            <line number="14" hits="2" branch="False" />
            <line number="15" hits="2" branch="False" />
          </lines>
        </class>
        <class name="Gateway.Application.UseCases.GetServicesHealthUseCase/&lt;ExecuteAsync&gt;d__2" filename="Gateway.Application\UseCases\HealthCheckUseCases.cs" line-rate="1" branch-rate="1" complexity="1">
          <methods>
            <method name="MoveNext" signature="()" line-rate="1" branch-rate="1" complexity="1">
              <lines>
                <line number="18" hits="2" branch="False" />
                <line number="19" hits="2" branch="False" />
                <line number="20" hits="2" branch="False" />
              </lines>
            </method>
          </methods>
          <lines>
            <line number="18" hits="2" branch="False" />
            <line number="19" hits="2" branch="False" />
            <line number="20" hits="2" branch="False" />
          </lines>
        </class>
        <class name="Gateway.Application.UseCases.CheckServiceHealthUseCase" filename="Gateway.Application\UseCases\HealthCheckUseCases.cs" line-rate="1" branch-rate="1" complexity="1">
          <methods>
            <method name=".ctor" signature="(Gateway.Domain.Interfaces.IHealthCheckService)" line-rate="1" branch-rate="1" complexity="1">
              <lines>
                <line number="30" hits="3" branch="False" />
                <line number="31" hits="3" branch="False" />
                <line number="32" hits="3" branch="False" />
                <line number="33" hits="3" branch="False" />
              </lines>
            </method>
          </methods>
          <lines>
            <line number="30" hits="3" branch="False" />
            <line number="31" hits="3" branch="False" />
            <line number="32" hits="3" branch="False" />
            <line number="33" hits="3" branch="False" />
          </lines>
        </class>
        <class name="Gateway.Application.UseCases.CheckServiceHealthUseCase/&lt;ExecuteAsync&gt;d__2" filename="Gateway.Application\UseCases\HealthCheckUseCases.cs" line-rate="1" branch-rate="1" complexity="1">
          <methods>
            <method name="MoveNext" signature="()" line-rate="1" branch-rate="1" complexity="1">
              <lines>
                <line number="36" hits="4" branch="False" />
                <line number="37" hits="4" branch="False" />
                <line number="38" hits="4" branch="False" />
              </lines>
            </method>
          </methods>
          <lines>
            <line number="36" hits="4" branch="False" />
            <line number="37" hits="4" branch="False" />
            <line number="38" hits="4" branch="False" />
          </lines>
        </class>
        <class name="Gateway.Application.UseCases.RecordRequestMetricsUseCase" filename="Gateway.Application\UseCases\MetricsUseCases.cs" line-rate="1" branch-rate="1" complexity="2">
          <methods>
            <method name="Execute" signature="(System.String,System.String,System.Int32,System.Double)" line-rate="1" branch-rate="1" complexity="1">
              <lines>
                <line number="18" hits="5" branch="False" />
                <line number="19" hits="5" branch="False" />
                <line number="20" hits="5" branch="False" />
              </lines>
            </method>
            <method name=".ctor" signature="(Gateway.Domain.Interfaces.IMetricsService)" line-rate="1" branch-rate="1" complexity="1">
              <lines>
                <line number="12" hits="3" branch="False" />
                <line number="13" hits="3" branch="False" />
                <line number="14" hits="3" branch="False" />
                <line number="15" hits="3" branch="False" />
              </lines>
            </method>
          </methods>
          <lines>
            <line number="18" hits="5" branch="False" />
            <line number="19" hits="5" branch="False" />
            <line number="20" hits="5" branch="False" />
            <line number="12" hits="3" branch="False" />
            <line number="13" hits="3" branch="False" />
            <line number="14" hits="3" branch="False" />
            <line number="15" hits="3" branch="False" />
          </lines>
        </class>
        <class name="Gateway.Application.UseCases.RecordDownstreamCallMetricsUseCase" filename="Gateway.Application\UseCases\MetricsUseCases.cs" line-rate="1" branch-rate="1" complexity="2">
          <methods>
            <method name="Execute" signature="(System.String,System.Double,System.Boolean)" line-rate="1" branch-rate="1" complexity="1">
              <lines>
                <line number="36" hits="5" branch="False" />
                <line number="37" hits="5" branch="False" />
                <line number="38" hits="5" branch="False" />
              </lines>
            </method>
            <method name=".ctor" signature="(Gateway.Domain.Interfaces.IMetricsService)" line-rate="1" branch-rate="1" complexity="1">
              <lines>
                <line number="30" hits="3" branch="False" />
                <line number="31" hits="3" branch="False" />
                <line number="32" hits="3" branch="False" />
                <line number="33" hits="3" branch="False" />
              </lines>
            </method>
          </methods>
          <lines>
            <line number="36" hits="5" branch="False" />
            <line number="37" hits="5" branch="False" />
            <line number="38" hits="5" branch="False" />
            <line number="30" hits="3" branch="False" />
            <line number="31" hits="3" branch="False" />
            <line number="32" hits="3" branch="False" />
            <line number="33" hits="3" branch="False" />
          </lines>
        </class>
        <class name="Gateway.Application.UseCases.CheckRouteExistsUseCase" filename="Gateway.Application\UseCases\RoutingUseCases.cs" line-rate="1" branch-rate="1" complexity="1">
          <methods>
            <method name=".ctor" signature="(Gateway.Domain.Interfaces.IRoutingService)" line-rate="1" branch-rate="1" complexity="1">
              <lines>
                <line number="12" hits="3" branch="False" />
                <line number="13" hits="3" branch="False" />
                <line number="14" hits="3" branch="False" />
                <line number="15" hits="3" branch="False" />
              </lines>
            </method>
          </methods>
          <lines>
            <line number="12" hits="3" branch="False" />
            <line number="13" hits="3" branch="False" />
            <line number="14" hits="3" branch="False" />
            <line number="15" hits="3" branch="False" />
          </lines>
        </class>
        <class name="Gateway.Application.UseCases.CheckRouteExistsUseCase/&lt;ExecuteAsync&gt;d__2" filename="Gateway.Application\UseCases\RoutingUseCases.cs" line-rate="1" branch-rate="1" complexity="1">
          <methods>
            <method name="MoveNext" signature="()" line-rate="1" branch-rate="1" complexity="1">
              <lines>
                <line number="18" hits="3" branch="False" />
                <line number="19" hits="3" branch="False" />
                <line number="20" hits="3" branch="False" />
              </lines>
            </method>
          </methods>
          <lines>
            <line number="18" hits="3" branch="False" />
            <line number="19" hits="3" branch="False" />
            <line number="20" hits="3" branch="False" />
          </lines>
        </class>
        <class name="Gateway.Application.UseCases.ResolveDownstreamPathUseCase" filename="Gateway.Application\UseCases\RoutingUseCases.cs" line-rate="1" branch-rate="1" complexity="1">
          <methods>
            <method name=".ctor" signature="(Gateway.Domain.Interfaces.IRoutingService)" line-rate="1" branch-rate="1" complexity="1">
              <lines>
                <line number="30" hits="3" branch="False" />
                <line number="31" hits="3" branch="False" />
                <line number="32" hits="3" branch="False" />
                <line number="33" hits="3" branch="False" />
              </lines>
            </method>
          </methods>
          <lines>
            <line number="30" hits="3" branch="False" />
            <line number="31" hits="3" branch="False" />
            <line number="32" hits="3" branch="False" />
            <line number="33" hits="3" branch="False" />
          </lines>
        </class>
        <class name="Gateway.Application.UseCases.ResolveDownstreamPathUseCase/&lt;ExecuteAsync&gt;d__2" filename="Gateway.Application\UseCases\RoutingUseCases.cs" line-rate="1" branch-rate="1" complexity="1">
          <methods>
            <method name="MoveNext" signature="()" line-rate="1" branch-rate="1" complexity="1">
              <lines>
                <line number="36" hits="3" branch="False" />
                <line number="37" hits="3" branch="False" />
                <line number="38" hits="3" branch="False" />
              </lines>
            </method>
          </methods>
          <lines>
            <line number="36" hits="3" branch="False" />
            <line number="37" hits="3" branch="False" />
            <line number="38" hits="3" branch="False" />
          </lines>
        </class>
      </classes>
    </package>
    <package name="Gateway.Domain" line-rate="1" branch-rate="1" complexity="13">
      <classes>
        <class name="Gateway.Domain.Entities.Route" filename="Gateway.Domain\Entities\Route.cs" line-rate="1" branch-rate="1" complexity="7">
          <methods>
            <method name="get_DownstreamPathTemplate" signature="()" line-rate="1" branch-rate="1" complexity="1">
              <lines>
                <line number="8" hits="7" branch="False" />
              </lines>
            </method>
            <method name="get_UpstreamPathTemplate" signature="()" line-rate="1" branch-rate="1" complexity="1">
              <lines>
                <line number="9" hits="7" branch="False" />
              </lines>
            </method>
            <method name="get_UpstreamHttpMethod" signature="()" line-rate="1" branch-rate="1" complexity="1">
              <lines>
                <line number="10" hits="7" branch="False" />
              </lines>
            </method>
            <method name="get_DownstreamScheme" signature="()" line-rate="1" branch-rate="1" complexity="1">
              <lines>
                <line number="11" hits="7" branch="False" />
              </lines>
            </method>
            <method name="get_DownstreamHostAndPort" signature="()" line-rate="1" branch-rate="1" complexity="1">
              <lines>
                <line number="12" hits="7" branch="False" />
              </lines>
            </method>
            <method name="get_ServiceName" signature="()" line-rate="1" branch-rate="1" complexity="1">
              <lines>
                <line number="13" hits="7" branch="False" />
              </lines>
            </method>
            <method name="get_Options" signature="()" line-rate="1" branch-rate="1" complexity="1">
              <lines>
                <line number="14" hits="17" branch="False" />
              </lines>
            </method>
          </methods>
          <lines>
            <line number="8" hits="7" branch="False" />
            <line number="9" hits="7" branch="False" />
            <line number="10" hits="7" branch="False" />
            <line number="11" hits="7" branch="False" />
            <line number="12" hits="7" branch="False" />
            <line number="13" hits="7" branch="False" />
            <line number="14" hits="17" branch="False" />
          </lines>
        </class>
        <class name="Gateway.Domain.Entities.RouteOptions" filename="Gateway.Domain\Entities\Route.cs" line-rate="1" branch-rate="1" complexity="4">
          <methods>
            <method name="get_RequiresAuthentication" signature="()" line-rate="1" branch-rate="1" complexity="1">
              <lines>
                <line number="22" hits="6" branch="False" />
              </lines>
            </method>
            <method name="get_AllowedRoles" signature="()" line-rate="1" branch-rate="1" complexity="1">
              <lines>
                <line number="23" hits="19" branch="False" />
              </lines>
            </method>
            <method name="get_TimeoutMs" signature="()" line-rate="1" branch-rate="1" complexity="1">
              <lines>
                <line number="24" hits="16" branch="False" />
              </lines>
            </method>
            <method name="get_RateLimit" signature="()" line-rate="1" branch-rate="1" complexity="1">
              <lines>
                <line number="25" hits="10" branch="False" />
              </lines>
            </method>
          </methods>
          <lines>
            <line number="22" hits="6" branch="False" />
            <line number="23" hits="19" branch="False" />
            <line number="24" hits="16" branch="False" />
            <line number="25" hits="10" branch="False" />
          </lines>
        </class>
        <class name="Gateway.Domain.Entities.RateLimitOptions" filename="Gateway.Domain\Entities\Route.cs" line-rate="1" branch-rate="1" complexity="2">
          <methods>
            <method name="get_Limit" signature="()" line-rate="1" branch-rate="1" complexity="1">
              <lines>
                <line number="33" hits="7" branch="False" />
              </lines>
            </method>
            <method name="get_PeriodSeconds" signature="()" line-rate="1" branch-rate="1" complexity="1">
              <lines>
                <line number="34" hits="7" branch="False" />
              </lines>
            </method>
          </methods>
          <lines>
            <line number="33" hits="7" branch="False" />
            <line number="34" hits="7" branch="False" />
          </lines>
        </class>
      </classes>
    </package>
    <package name="Gateway.Infrastructure" line-rate="0.9518000000000001" branch-rate="0.8648" complexity="77">
      <classes>
        <class name="Gateway.Infrastructure.Services.HealthCheckService" filename="Gateway.Infrastructure\Services\HealthCheckService.cs" line-rate="1" branch-rate="1" complexity="1">
          <methods>
            <method name=".ctor" signature="(Consul.IConsulClient,Microsoft.Extensions.Logging.ILogger`1&lt;Gateway.Infrastructure.Services.HealthCheckService&gt;)" line-rate="1" branch-rate="1" complexity="1">
              <lines>
                <line number="12" hits="9" branch="False" />
                <line number="13" hits="9" branch="False" />
                <line number="14" hits="9" branch="False" />
                <line number="15" hits="9" branch="False" />
                <line number="16" hits="9" branch="False" />
              </lines>
            </method>
          </methods>
          <lines>
            <line number="12" hits="9" branch="False" />
            <line number="13" hits="9" branch="False" />
            <line number="14" hits="9" branch="False" />
            <line number="15" hits="9" branch="False" />
            <line number="16" hits="9" branch="False" />
          </lines>
        </class>
        <class name="Gateway.Infrastructure.Services.HealthCheckService/&lt;GetAllServicesHealth&gt;d__4" filename="Gateway.Infrastructure\Services\HealthCheckService.cs" line-rate="1" branch-rate="1" complexity="4">
          <methods>
            <method name="MoveNext" signature="()" line-rate="1" branch-rate="1" complexity="4">
              <lines>
                <line number="36" hits="4" branch="False" />
                <line number="38" hits="4" branch="False" />
                <line number="40" hits="4" branch="False" />
                <line number="41" hits="3" branch="False" />
                <line number="43" hits="3" branch="False" />
                <line number="45" hits="21" branch="True" condition-coverage="100% (2/2)">
                  <conditions>
                    <condition number="462" type="jump" coverage="100%" />
                  </conditions>
                </line>
                <line number="46" hits="6" branch="False" />
                <line number="48" hits="6" branch="True" condition-coverage="100% (2/2)">
                  <conditions>
                    <condition number="284" type="jump" coverage="100%" />
                  </conditions>
                </line>
                <line number="49" hits="3" branch="False" />
                <line number="51" hits="3" branch="False" />
                <line number="52" hits="3" branch="False" />
                <line number="53" hits="3" branch="False" />
                <line number="55" hits="3" branch="False" />
                <line number="57" hits="1" branch="False" />
                <line number="58" hits="1" branch="False" />
                <line number="59" hits="1" branch="False" />
                <line number="60" hits="1" branch="False" />
                <line number="62" hits="4" branch="False" />
              </lines>
            </method>
          </methods>
          <lines>
            <line number="36" hits="4" branch="False" />
            <line number="38" hits="4" branch="False" />
            <line number="40" hits="4" branch="False" />
            <line number="41" hits="3" branch="False" />
            <line number="43" hits="3" branch="False" />
            <line number="45" hits="21" branch="True" condition-coverage="100% (2/2)">
              <conditions>
                <condition number="462" type="jump" coverage="100%" />
              </conditions>
            </line>
            <line number="46" hits="6" branch="False" />
            <line number="48" hits="6" branch="True" condition-coverage="100% (2/2)">
              <conditions>
                <condition number="284" type="jump" coverage="100%" />
              </conditions>
            </line>
            <line number="49" hits="3" branch="False" />
            <line number="51" hits="3" branch="False" />
            <line number="52" hits="3" branch="False" />
            <line number="53" hits="3" branch="False" />
            <line number="55" hits="3" branch="False" />
            <line number="57" hits="1" branch="False" />
            <line number="58" hits="1" branch="False" />
            <line number="59" hits="1" branch="False" />
            <line number="60" hits="1" branch="False" />
            <line number="62" hits="4" branch="False" />
          </lines>
        </class>
        <class name="Gateway.Infrastructure.Services.HealthCheckService/&lt;IsServiceHealthy&gt;d__3" filename="Gateway.Infrastructure\Services\HealthCheckService.cs" line-rate="1" branch-rate="0.75" complexity="4">
          <methods>
            <method name="MoveNext" signature="()" line-rate="1" branch-rate="0.75" complexity="4">
              <lines>
                <line number="19" hits="8" branch="False" />
                <line number="21" hits="8" branch="False" />
                <line number="23" hits="8" branch="False" />
                <line number="26" hits="7" branch="True" condition-coverage="75% (3/4)">
                  <conditions>
                    <condition number="184" type="jump" coverage="50%" />
                    <condition number="196" type="jump" coverage="100%" />
                  </conditions>
                </line>
                <line number="28" hits="1" branch="False" />
                <line number="29" hits="1" branch="False" />
                <line number="30" hits="1" branch="False" />
                <line number="31" hits="1" branch="False" />
                <line number="33" hits="8" branch="False" />
              </lines>
            </method>
          </methods>
          <lines>
            <line number="19" hits="8" branch="False" />
            <line number="21" hits="8" branch="False" />
            <line number="23" hits="8" branch="False" />
            <line number="26" hits="7" branch="True" condition-coverage="75% (3/4)">
              <conditions>
                <condition number="184" type="jump" coverage="50%" />
                <condition number="196" type="jump" coverage="100%" />
              </conditions>
            </line>
            <line number="28" hits="1" branch="False" />
            <line number="29" hits="1" branch="False" />
            <line number="30" hits="1" branch="False" />
            <line number="31" hits="1" branch="False" />
            <line number="33" hits="8" branch="False" />
          </lines>
        </class>
        <class name="Gateway.Infrastructure.Services.MetricsService" filename="Gateway.Infrastructure\Services\MetricsService.cs" line-rate="1" branch-rate="1" complexity="5">
          <methods>
            <method name="RecordRequest" signature="(System.String,System.String,System.Int32,System.Double)" line-rate="1" branch-rate="1" complexity="2">
              <lines>
                <line number="49" hits="34" branch="False" />
                <line number="50" hits="34" branch="False" />
                <line number="51" hits="34" branch="False" />
                <line number="52" hits="34" branch="False" />
                <line number="53" hits="34" branch="False" />
                <line number="55" hits="34" branch="False" />
                <line number="56" hits="34" branch="False" />
                <line number="57" hits="34" branch="False" />
                <line number="59" hits="34" branch="True" condition-coverage="100% (2/2)">
                  <conditions>
                    <condition number="102" type="jump" coverage="100%" />
                  </conditions>
                </line>
                <line number="60" hits="10" branch="False" />
                <line number="61" hits="10" branch="False" />
                <line number="62" hits="10" branch="False" />
                <line number="63" hits="10" branch="False" />
                <line number="64" hits="10" branch="False" />
                <line number="65" hits="34" branch="False" />
              </lines>
            </method>
            <method name="RecordDownstreamCall" signature="(System.String,System.Double,System.Boolean)" line-rate="1" branch-rate="1" complexity="2">
              <lines>
                <line number="68" hits="111" branch="False" />
                <line number="69" hits="111" branch="False" />
                <line number="70" hits="111" branch="False" />
                <line number="72" hits="111" branch="True" condition-coverage="100% (2/2)">
                  <conditions>
                    <condition number="31" type="jump" coverage="100%" />
                  </conditions>
                </line>
                <line number="73" hits="92" branch="False" />
                <line number="74" hits="92" branch="False" />
                <line number="75" hits="92" branch="False" />
                <line number="76" hits="92" branch="False" />
                <line number="77" hits="111" branch="False" />
              </lines>
            </method>
            <method name=".ctor" signature="(System.Diagnostics.Metrics.IMeterFactory)" line-rate="1" branch-rate="1" complexity="1">
              <lines>
                <line number="19" hits="29" branch="False" />
                <line number="20" hits="29" branch="False" />
                <line number="21" hits="29" branch="False" />
                <line number="24" hits="29" branch="False" />
                <line number="25" hits="29" branch="False" />
                <line number="26" hits="29" branch="False" />
                <line number="28" hits="29" branch="False" />
                <line number="29" hits="29" branch="False" />
                <line number="30" hits="29" branch="False" />
                <line number="31" hits="29" branch="False" />
                <line number="33" hits="29" branch="False" />
                <line number="34" hits="29" branch="False" />
                <line number="35" hits="29" branch="False" />
                <line number="38" hits="29" branch="False" />
                <line number="39" hits="29" branch="False" />
                <line number="40" hits="29" branch="False" />
                <line number="41" hits="29" branch="False" />
                <line number="43" hits="29" branch="False" />
                <line number="44" hits="29" branch="False" />
                <line number="45" hits="29" branch="False" />
                <line number="46" hits="29" branch="False" />
              </lines>
            </method>
          </methods>
          <lines>
            <line number="49" hits="34" branch="False" />
            <line number="50" hits="34" branch="False" />
            <line number="51" hits="34" branch="False" />
            <line number="52" hits="34" branch="False" />
            <line number="53" hits="34" branch="False" />
            <line number="55" hits="34" branch="False" />
            <line number="56" hits="34" branch="False" />
            <line number="57" hits="34" branch="False" />
            <line number="59" hits="34" branch="True" condition-coverage="100% (2/2)">
              <conditions>
                <condition number="102" type="jump" coverage="100%" />
              </conditions>
            </line>
            <line number="60" hits="10" branch="False" />
            <line number="61" hits="10" branch="False" />
            <line number="62" hits="10" branch="False" />
            <line number="63" hits="10" branch="False" />
            <line number="64" hits="10" branch="False" />
            <line number="65" hits="34" branch="False" />
            <line number="68" hits="111" branch="False" />
            <line number="69" hits="111" branch="False" />
            <line number="70" hits="111" branch="False" />
            <line number="72" hits="111" branch="True" condition-coverage="100% (2/2)">
              <conditions>
                <condition number="31" type="jump" coverage="100%" />
              </conditions>
            </line>
            <line number="73" hits="92" branch="False" />
            <line number="74" hits="92" branch="False" />
            <line number="75" hits="92" branch="False" />
            <line number="76" hits="92" branch="False" />
            <line number="77" hits="111" branch="False" />
            <line number="19" hits="29" branch="False" />
            <line number="20" hits="29" branch="False" />
            <line number="21" hits="29" branch="False" />
            <line number="24" hits="29" branch="False" />
            <line number="25" hits="29" branch="False" />
            <line number="26" hits="29" branch="False" />
            <line number="28" hits="29" branch="False" />
            <line number="29" hits="29" branch="False" />
            <line number="30" hits="29" branch="False" />
            <line number="31" hits="29" branch="False" />
            <line number="33" hits="29" branch="False" />
            <line number="34" hits="29" branch="False" />
            <line number="35" hits="29" branch="False" />
            <line number="38" hits="29" branch="False" />
            <line number="39" hits="29" branch="False" />
            <line number="40" hits="29" branch="False" />
            <line number="41" hits="29" branch="False" />
            <line number="43" hits="29" branch="False" />
            <line number="44" hits="29" branch="False" />
            <line number="45" hits="29" branch="False" />
            <line number="46" hits="29" branch="False" />
          </lines>
        </class>
        <class name="Gateway.Infrastructure.Services.RoutingService" filename="Gateway.Infrastructure\Services\RoutingService.cs" line-rate="0.9181" branch-rate="0.8548" complexity="63">
          <methods>
            <method name="LoadOcelotConfiguration" signature="()" line-rate="1" branch-rate="1" complexity="4">
              <lines>
                <line number="23" hits="40" branch="False" />
                <line number="25" hits="40" branch="False" />
                <line number="26" hits="40" branch="True" condition-coverage="100% (2/2)">
                  <conditions>
                    <condition number="28" type="jump" coverage="100%" />
                  </conditions>
                </line>
                <line number="27" hits="40" branch="False" />
                <line number="28" hits="40" branch="False" />
                <line number="30" hits="40" branch="False" />
                <line number="32" hits="40" branch="True" condition-coverage="100% (2/2)">
                  <conditions>
                    <condition number="63" type="jump" coverage="100%" />
                  </conditions>
                </line>
                <line number="33" hits="22" branch="False" />
                <line number="34" hits="22" branch="False" />
                <line number="35" hits="22" branch="False" />
                <line number="36" hits="21" branch="False" />
                <line number="38" hits="18" branch="False" />
                <line number="39" hits="18" branch="False" />
                <line number="40" hits="18" branch="False" />
                <line number="41" hits="39" branch="False" />
                <line number="42" hits="1" branch="False" />
                <line number="43" hits="1" branch="False" />
                <line number="44" hits="1" branch="False" />
                <line number="45" hits="1" branch="False" />
                <line number="46" hits="40" branch="False" />
              </lines>
            </method>
            <method name="RouteExists" signature="(System.String)" line-rate="0.7777" branch-rate="0.75" complexity="8">
              <lines>
                <line number="49" hits="28" branch="False" />
                <line number="51" hits="28" branch="False" />
                <line number="52" hits="28" branch="True" condition-coverage="100% (2/2)">
                  <conditions>
                    <condition number="33" type="jump" coverage="100%" />
                  </conditions>
                </line>
                <line number="53" hits="15" branch="False" />
                <line number="55" hits="13" branch="False" />
                <line number="56" hits="13" branch="True" condition-coverage="100% (2/2)">
                  <conditions>
                    <condition number="75" type="jump" coverage="100%" />
                  </conditions>
                </line>
                <line number="57" hits="1" branch="False" />
                <line number="60" hits="12" branch="False" />
                <line number="61" hits="26" branch="False" />
                <line number="62" hits="26" branch="True" condition-coverage="50% (1/2)">
                  <conditions>
                    <condition number="13" type="jump" coverage="50%" />
                  </conditions>
                </line>
                <line number="63" hits="26" branch="True" condition-coverage="50% (1/2)">
                  <conditions>
                    <condition number="26" type="jump" coverage="50%" />
                  </conditions>
                </line>
                <line number="64" hits="38" branch="False" />
                <line number="66" hits="12" branch="False" />
                <line number="68" hits="0" branch="False" />
                <line number="69" hits="0" branch="False" />
                <line number="70" hits="0" branch="False" />
                <line number="71" hits="0" branch="False" />
                <line number="73" hits="28" branch="False" />
              </lines>
            </method>
            <method name="ResolveDownstreamPath" signature="(System.String)" line-rate="0.8484" branch-rate="0.7666" complexity="30">
              <lines>
                <line number="76" hits="16" branch="False" />
                <line number="78" hits="16" branch="False" />
                <line number="79" hits="16" branch="True" condition-coverage="100% (2/2)">
                  <conditions>
                    <condition number="33" type="jump" coverage="100%" />
                  </conditions>
                </line>
                <line number="80" hits="6" branch="False" />
                <line number="82" hits="10" branch="False" />
                <line number="83" hits="10" branch="True" condition-coverage="50% (1/2)">
                  <conditions>
                    <condition number="82" type="jump" coverage="50%" />
                  </conditions>
                </line>
                <line number="84" hits="0" branch="False" />
                <line number="87" hits="10" branch="False" />
                <line number="88" hits="21" branch="False" />
                <line number="89" hits="21" branch="True" condition-coverage="50% (1/2)">
                  <conditions>
                    <condition number="13" type="jump" coverage="50%" />
                  </conditions>
                </line>
                <line number="90" hits="21" branch="True" condition-coverage="50% (1/2)">
                  <conditions>
                    <condition number="26" type="jump" coverage="50%" />
                  </conditions>
                </line>
                <line number="91" hits="31" branch="False" />
                <line number="93" hits="10" branch="True" condition-coverage="100% (2/2)">
                  <conditions>
                    <condition number="128" type="jump" coverage="100%" />
                  </conditions>
                </line>
                <line number="94" hits="9" branch="False" />
                <line number="95" hits="9" branch="True" condition-coverage="100% (2/2)">
                  <conditions>
                    <condition number="146" type="jump" coverage="100%" />
                  </conditions>
                </line>
                <line number="96" hits="9" branch="True" condition-coverage="100% (4/4)">
                  <conditions>
                    <condition number="171" type="jump" coverage="100%" />
                    <condition number="183" type="jump" coverage="100%" />
                  </conditions>
                </line>
                <line number="97" hits="9" branch="False" />
                <line number="99" hits="9" branch="True" condition-coverage="100% (6/6)">
                  <conditions>
                    <condition number="213" type="jump" coverage="100%" />
                    <condition number="217" type="jump" coverage="100%" />
                    <condition number="236" type="jump" coverage="100%" />
                  </conditions>
                </line>
                <line number="100" hits="6" branch="False" />
                <line number="101" hits="6" branch="False" />
                <line number="102" hits="6" branch="True" condition-coverage="50% (1/2)">
                  <conditions>
                    <condition number="265" type="jump" coverage="50%" />
                  </conditions>
                </line>
                <line number="103" hits="6" branch="True" condition-coverage="50% (1/2)">
                  <conditions>
                    <condition number="291" type="jump" coverage="50%" />
                  </conditions>
                </line>
                <line number="106" hits="6" branch="True" condition-coverage="50% (2/4)">
                  <conditions>
                    <condition number="323" type="jump" coverage="50%" />
                    <condition number="335" type="jump" coverage="50%" />
                  </conditions>
                </line>
                <line number="107" hits="6" branch="False" />
                <line number="108" hits="6" branch="False" />
                <line number="110" hits="6" branch="False" />
                <line number="112" hits="3" branch="False" />
                <line number="114" hits="4" branch="False" />
                <line number="116" hits="0" branch="False" />
                <line number="117" hits="0" branch="False" />
                <line number="118" hits="0" branch="False" />
                <line number="119" hits="0" branch="False" />
                <line number="121" hits="16" branch="False" />
              </lines>
            </method>
            <method name="MatchesTemplate" signature="(System.String,System.String)" line-rate="1" branch-rate="1" complexity="10">
              <lines>
                <line number="128" hits="47" branch="False" />
                <line number="130" hits="47" branch="False" />
                <line number="131" hits="47" branch="False" />
                <line number="133" hits="47" branch="True" condition-coverage="100% (2/2)">
                  <conditions>
                    <condition number="48" type="jump" coverage="100%" />
                  </conditions>
                </line>
                <line number="134" hits="24" branch="False" />
                <line number="136" hits="150" branch="True" condition-coverage="100% (2/2)">
                  <conditions>
                    <condition number="146" type="jump" coverage="100%" />
                  </conditions>
                </line>
                <line number="137" hits="58" branch="False" />
                <line number="139" hits="58" branch="True" condition-coverage="100% (4/4)">
                  <conditions>
                    <condition number="74" type="jump" coverage="100%" />
                    <condition number="97" type="jump" coverage="100%" />
                  </conditions>
                </line>
                <line number="140" hits="8" branch="False" />
                <line number="142" hits="50" branch="True" condition-coverage="100% (2/2)">
                  <conditions>
                    <condition number="122" type="jump" coverage="100%" />
                  </conditions>
                </line>
                <line number="143" hits="6" branch="False" />
                <line number="144" hits="44" branch="False" />
                <line number="146" hits="17" branch="False" />
                <line number="147" hits="47" branch="False" />
              </lines>
            </method>
            <method name="SubstitutePathParameters" signature="(System.String,System.String,System.String)" line-rate="1" branch-rate="1" complexity="10">
              <lines>
                <line number="155" hits="6" branch="False" />
                <line number="156" hits="6" branch="False" />
                <line number="157" hits="6" branch="False" />
                <line number="160" hits="6" branch="False" />
                <line number="161" hits="50" branch="True" condition-coverage="100% (4/4)">
                  <conditions>
                    <condition number="156" type="jump" coverage="100%" />
                    <condition number="140" type="jump" coverage="100%" />
                  </conditions>
                </line>
                <line number="162" hits="19" branch="False" />
                <line number="163" hits="19" branch="True" condition-coverage="100% (4/4)">
                  <conditions>
                    <condition number="61" type="jump" coverage="100%" />
                    <condition number="84" type="jump" coverage="100%" />
                  </conditions>
                </line>
                <line number="164" hits="5" branch="False" />
                <line number="165" hits="5" branch="False" />
                <line number="166" hits="5" branch="False" />
                <line number="167" hits="5" branch="False" />
                <line number="168" hits="19" branch="False" />
                <line number="171" hits="6" branch="False" />
                <line number="172" hits="28" branch="True" condition-coverage="100% (2/2)">
                  <conditions>
                    <condition number="225" type="jump" coverage="100%" />
                  </conditions>
                </line>
                <line number="173" hits="5" branch="False" />
                <line number="174" hits="5" branch="False" />
                <line number="175" hits="5" branch="False" />
                <line number="177" hits="6" branch="False" />
                <line number="178" hits="6" branch="False" />
              </lines>
            </method>
            <method name=".ctor" signature="(Microsoft.Extensions.Configuration.IConfiguration,Microsoft.Extensions.Logging.ILogger`1&lt;Gateway.Infrastructure.Services.RoutingService&gt;)" line-rate="1" branch-rate="1" complexity="1">
              <lines>
                <line number="15" hits="40" branch="False" />
                <line number="16" hits="40" branch="False" />
                <line number="17" hits="40" branch="False" />
                <line number="18" hits="40" branch="False" />
                <line number="19" hits="40" branch="False" />
                <line number="20" hits="40" branch="False" />
              </lines>
            </method>
          </methods>
          <lines>
            <line number="23" hits="40" branch="False" />
            <line number="25" hits="40" branch="False" />
            <line number="26" hits="40" branch="True" condition-coverage="100% (2/2)">
              <conditions>
                <condition number="28" type="jump" coverage="100%" />
              </conditions>
            </line>
            <line number="27" hits="40" branch="False" />
            <line number="28" hits="40" branch="False" />
            <line number="30" hits="40" branch="False" />
            <line number="32" hits="40" branch="True" condition-coverage="100% (2/2)">
              <conditions>
                <condition number="63" type="jump" coverage="100%" />
              </conditions>
            </line>
            <line number="33" hits="22" branch="False" />
            <line number="34" hits="22" branch="False" />
            <line number="35" hits="22" branch="False" />
            <line number="36" hits="21" branch="False" />
            <line number="38" hits="18" branch="False" />
            <line number="39" hits="18" branch="False" />
            <line number="40" hits="18" branch="False" />
            <line number="41" hits="39" branch="False" />
            <line number="42" hits="1" branch="False" />
            <line number="43" hits="1" branch="False" />
            <line number="44" hits="1" branch="False" />
            <line number="45" hits="1" branch="False" />
            <line number="46" hits="40" branch="False" />
            <line number="49" hits="28" branch="False" />
            <line number="51" hits="28" branch="False" />
            <line number="52" hits="28" branch="True" condition-coverage="100% (2/2)">
              <conditions>
                <condition number="33" type="jump" coverage="100%" />
              </conditions>
            </line>
            <line number="53" hits="15" branch="False" />
            <line number="55" hits="13" branch="False" />
            <line number="56" hits="13" branch="True" condition-coverage="100% (2/2)">
              <conditions>
                <condition number="75" type="jump" coverage="100%" />
              </conditions>
            </line>
            <line number="57" hits="1" branch="False" />
            <line number="60" hits="12" branch="False" />
            <line number="61" hits="26" branch="False" />
            <line number="62" hits="26" branch="True" condition-coverage="50% (1/2)">
              <conditions>
                <condition number="13" type="jump" coverage="50%" />
              </conditions>
            </line>
            <line number="63" hits="26" branch="True" condition-coverage="50% (1/2)">
              <conditions>
                <condition number="26" type="jump" coverage="50%" />
              </conditions>
            </line>
            <line number="64" hits="38" branch="False" />
            <line number="66" hits="12" branch="False" />
            <line number="68" hits="0" branch="False" />
            <line number="69" hits="0" branch="False" />
            <line number="70" hits="0" branch="False" />
            <line number="71" hits="0" branch="False" />
            <line number="73" hits="28" branch="False" />
            <line number="76" hits="16" branch="False" />
            <line number="78" hits="16" branch="False" />
            <line number="79" hits="16" branch="True" condition-coverage="100% (2/2)">
              <conditions>
                <condition number="33" type="jump" coverage="100%" />
              </conditions>
            </line>
            <line number="80" hits="6" branch="False" />
            <line number="82" hits="10" branch="False" />
            <line number="83" hits="10" branch="True" condition-coverage="50% (1/2)">
              <conditions>
                <condition number="82" type="jump" coverage="50%" />
              </conditions>
            </line>
            <line number="84" hits="0" branch="False" />
            <line number="87" hits="10" branch="False" />
            <line number="88" hits="21" branch="False" />
            <line number="89" hits="21" branch="True" condition-coverage="50% (1/2)">
              <conditions>
                <condition number="13" type="jump" coverage="50%" />
              </conditions>
            </line>
            <line number="90" hits="21" branch="True" condition-coverage="50% (1/2)">
              <conditions>
                <condition number="26" type="jump" coverage="50%" />
              </conditions>
            </line>
            <line number="91" hits="31" branch="False" />
            <line number="93" hits="10" branch="True" condition-coverage="100% (2/2)">
              <conditions>
                <condition number="128" type="jump" coverage="100%" />
              </conditions>
            </line>
            <line number="94" hits="9" branch="False" />
            <line number="95" hits="9" branch="True" condition-coverage="100% (2/2)">
              <conditions>
                <condition number="146" type="jump" coverage="100%" />
              </conditions>
            </line>
            <line number="96" hits="9" branch="True" condition-coverage="100% (4/4)">
              <conditions>
                <condition number="171" type="jump" coverage="100%" />
                <condition number="183" type="jump" coverage="100%" />
              </conditions>
            </line>
            <line number="97" hits="9" branch="False" />
            <line number="99" hits="9" branch="True" condition-coverage="100% (6/6)">
              <conditions>
                <condition number="213" type="jump" coverage="100%" />
                <condition number="217" type="jump" coverage="100%" />
                <condition number="236" type="jump" coverage="100%" />
              </conditions>
            </line>
            <line number="100" hits="6" branch="False" />
            <line number="101" hits="6" branch="False" />
            <line number="102" hits="6" branch="True" condition-coverage="50% (1/2)">
              <conditions>
                <condition number="265" type="jump" coverage="50%" />
              </conditions>
            </line>
            <line number="103" hits="6" branch="True" condition-coverage="50% (1/2)">
              <conditions>
                <condition number="291" type="jump" coverage="50%" />
              </conditions>
            </line>
            <line number="106" hits="6" branch="True" condition-coverage="50% (2/4)">
              <conditions>
                <condition number="323" type="jump" coverage="50%" />
                <condition number="335" type="jump" coverage="50%" />
              </conditions>
            </line>
            <line number="107" hits="6" branch="False" />
            <line number="108" hits="6" branch="False" />
            <line number="110" hits="6" branch="False" />
            <line number="112" hits="3" branch="False" />
            <line number="114" hits="4" branch="False" />
            <line number="116" hits="0" branch="False" />
            <line number="117" hits="0" branch="False" />
            <line number="118" hits="0" branch="False" />
            <line number="119" hits="0" branch="False" />
            <line number="121" hits="16" branch="False" />
            <line number="128" hits="47" branch="False" />
            <line number="130" hits="47" branch="False" />
            <line number="131" hits="47" branch="False" />
            <line number="133" hits="47" branch="True" condition-coverage="100% (2/2)">
              <conditions>
                <condition number="48" type="jump" coverage="100%" />
              </conditions>
            </line>
            <line number="134" hits="24" branch="False" />
            <line number="136" hits="150" branch="True" condition-coverage="100% (2/2)">
              <conditions>
                <condition number="146" type="jump" coverage="100%" />
              </conditions>
            </line>
            <line number="137" hits="58" branch="False" />
            <line number="139" hits="58" branch="True" condition-coverage="100% (4/4)">
              <conditions>
                <condition number="74" type="jump" coverage="100%" />
                <condition number="97" type="jump" coverage="100%" />
              </conditions>
            </line>
            <line number="140" hits="8" branch="False" />
            <line number="142" hits="50" branch="True" condition-coverage="100% (2/2)">
              <conditions>
                <condition number="122" type="jump" coverage="100%" />
              </conditions>
            </line>
            <line number="143" hits="6" branch="False" />
            <line number="144" hits="44" branch="False" />
            <line number="146" hits="17" branch="False" />
            <line number="147" hits="47" branch="False" />
            <line number="155" hits="6" branch="False" />
            <line number="156" hits="6" branch="False" />
            <line number="157" hits="6" branch="False" />
            <line number="160" hits="6" branch="False" />
            <line number="161" hits="50" branch="True" condition-coverage="100% (4/4)">
              <conditions>
                <condition number="156" type="jump" coverage="100%" />
                <condition number="140" type="jump" coverage="100%" />
              </conditions>
            </line>
            <line number="162" hits="19" branch="False" />
            <line number="163" hits="19" branch="True" condition-coverage="100% (4/4)">
              <conditions>
                <condition number="61" type="jump" coverage="100%" />
                <condition number="84" type="jump" coverage="100%" />
              </conditions>
            </line>
            <line number="164" hits="5" branch="False" />
            <line number="165" hits="5" branch="False" />
            <line number="166" hits="5" branch="False" />
            <line number="167" hits="5" branch="False" />
            <line number="168" hits="19" branch="False" />
            <line number="171" hits="6" branch="False" />
            <line number="172" hits="28" branch="True" condition-coverage="100% (2/2)">
              <conditions>
                <condition number="225" type="jump" coverage="100%" />
              </conditions>
            </line>
            <line number="173" hits="5" branch="False" />
            <line number="174" hits="5" branch="False" />
            <line number="175" hits="5" branch="False" />
            <line number="177" hits="6" branch="False" />
            <line number="178" hits="6" branch="False" />
            <line number="15" hits="40" branch="False" />
            <line number="16" hits="40" branch="False" />
            <line number="17" hits="40" branch="False" />
            <line number="18" hits="40" branch="False" />
            <line number="19" hits="40" branch="False" />
            <line number="20" hits="40" branch="False" />
          </lines>
        </class>
      </classes>
    </package>
  </packages>
</coverage>